<?xml version="1.0" encoding="UTF-8"?>
<testsuite xmlns:xsi="http://www.w3.org/2001/XMLSchema-instance" xsi:noNamespaceSchemaLocation="https://maven.apache.org/surefire/maven-surefire-plugin/xsd/surefire-test-report-3.0.xsd" version="3.0" name="com.ecommerce.gateway.ApiGatewayServiceApplicationTests" time="2.436" tests="1" errors="0" skipped="0" failures="0">
  <properties>
[...]
</properties>
  <testcase name="contextLoads" classname="com.ecommerce.gateway.ApiGatewayServiceApplicationTests" time="0.709">
    <system-out><![CDATA[17:03:46.694 [main] INFO org.springframework.test.context.support.AnnotationConfigContextLoaderUtils -- Could not detect default configuration classes for test class [com.ecommerce.gateway.ApiGatewayServiceApplicationTests]: ApiGatewayServiceApplicationTests does not declare any static, non-private, non-final, nested classes annotated with @Configuration.
17:03:46.776 [main] INFO org.springframework.boot.test.context.SpringBootTestContextBootstrapper -- Found @SpringBootConfiguration com.ecommerce.gateway.ApiGatewayApplication for test class com.ecommerce.gateway.ApiGatewayServiceApplicationTests

  .   ____          _            __ _ _
 /\\ / ___'_ __ _ _(_)_ __  __ _ \ \ \ \
( ( )\___ | '_ | '_| | '_ \/ _` | \ \ \ \
 \\/  ___)| |_)| | | | | || (_| |  ) ) ) )
  '  |____| .__|_| |_|_| |_\__, | / / / /
 =========|_|==============|___/=/_/_/_/

 :: Spring Boot ::                (v3.3.8)

2025-03-30T17:03:47.115+05:30  INFO 15012 --- [           main] c.e.g.ApiGatewayServiceApplicationTests  : Starting ApiGatewayServiceApplicationTests using Java 21.0.5 with PID 15012 (started by iresh in D:\Programs\STS\Projects\E-commerce\ecommerce-app\api-gateway)
2025-03-30T17:03:47.116+05:30  INFO 15012 --- [           main] c.e.g.ApiGatewayServiceApplicationTests  : No active profile set, falling back to 1 default profile: "default"
2025-03-30T17:03:48.124+05:30  WARN 15012 --- [           main] .s.s.UserDetailsServiceAutoConfiguration : 

Using generated security password: 5d1cb86f-4a4a-44fa-be13-04680031c0d5

This generated password is for development use only. Your security configuration must be updated before running your application in production.

2025-03-30T17:03:48.145+05:30  INFO 15012 --- [           main] r$InitializeUserDetailsManagerConfigurer : Global AuthenticationManager configured with UserDetailsService bean with name inMemoryUserDetailsManager
2025-03-30T17:03:48.267+05:30  INFO 15012 --- [           main] c.e.g.ApiGatewayServiceApplicationTests  : Started ApiGatewayServiceApplicationTests in 1.376 seconds (process running for 2.212)
]]></system-out>
    <system-err><![CDATA[WARNING: A Java agent has been loaded dynamically (C:\Users\iresh\.m2\repository\net\bytebuddy\byte-buddy-agent\1.14.19\byte-buddy-agent-1.14.19.jar)
WARNING: If a serviceability tool is in use, please run with -XX:+EnableDynamicAgentLoading to hide this warning
WARNING: If a serviceability tool is not in use, please run with -Djdk.instrument.traceUsage for more information
WARNING: Dynamic loading of agents will be disallowed by default in a future release
]]></system-err>
  </testcase>
</testsuite>